{
  message: '🛢 Database is Connected Successfully',
  level: 'info',
  label: 'UN',
  timestamp: '2024-09-22T08:11:23.014Z'
}
{
  message: 'Application listening on port 5000',
  level: 'info',
  label: 'UN',
  timestamp: '2024-09-22T08:11:23.035Z'
}
{
  message: '🛢 Database is Connected Successfully',
  level: 'info',
  label: 'UN',
  timestamp: '2024-09-22T08:34:02.851Z'
}
{
  message: 'Application listening on port 5000',
  level: 'info',
  label: 'UN',
  timestamp: '2024-09-22T08:34:02.859Z'
}
{
  message: '🛢 Database is Connected Successfully',
  level: 'info',
  label: 'UN',
  timestamp: '2024-09-22T08:34:12.982Z'
}
{
  message: 'Application listening on port 5000',
  level: 'info',
  label: 'UN',
  timestamp: '2024-09-22T08:34:12.996Z'
}
{
  message: '🛢 Database is Connected Successfully',
  level: 'info',
  label: 'UN',
  timestamp: '2024-09-22T08:37:12.432Z'
}
{
  message: 'Application listening on port 5000',
  level: 'info',
  label: 'UN',
  timestamp: '2024-09-22T08:37:12.446Z'
}
{
  message: '🛢 Database is Connected Successfully',
  level: 'info',
  label: 'UN',
  timestamp: '2024-09-22T08:57:04.614Z'
}
{
  message: 'Application listening on port 5000',
  level: 'info',
  label: 'UN',
  timestamp: '2024-09-22T08:57:04.642Z'
}
{
  message: '🛢 Database is Connected Successfully',
  level: 'info',
  label: 'UN',
  timestamp: '2024-09-22T08:57:18.961Z'
}
{
  message: 'Application listening on port 5000',
  level: 'info',
  label: 'UN',
  timestamp: '2024-09-22T08:57:18.974Z'
}
{
  message: '🛢 Database is Connected Successfully',
  level: 'info',
  label: 'UN',
  timestamp: '2024-09-22T08:57:40.731Z'
}
{
  message: 'Application listening on port 5000',
  level: 'info',
  label: 'UN',
  timestamp: '2024-09-22T08:57:40.741Z'
}
{
  message: '🛢 Database is Connected Successfully',
  level: 'info',
  label: 'UN',
  timestamp: '2024-09-22T08:58:09.947Z'
}
{
  message: 'Application listening on port 5000',
  level: 'info',
  label: 'UN',
  timestamp: '2024-09-22T08:58:09.960Z'
}
{
  message: '🛢 Database is Connected Successfully',
  level: 'info',
  label: 'UN',
  timestamp: '2024-09-22T08:58:30.855Z'
}
{
  message: 'Application listening on port 5000',
  level: 'info',
  label: 'UN',
  timestamp: '2024-09-22T08:58:30.868Z'
}
{
  message: '🛢 Database is Connected Successfully',
  level: 'info',
  label: 'UN',
  timestamp: '2024-09-22T08:58:54.800Z'
}
{
  message: 'Application listening on port 5000',
  level: 'info',
  label: 'UN',
  timestamp: '2024-09-22T08:58:54.815Z'
}
{
  message: '🛢 Database is Connected Successfully',
  level: 'info',
  label: 'UN',
  timestamp: '2024-09-22T08:59:36.987Z'
}
{
  message: 'Application listening on port 5000',
  level: 'info',
  label: 'UN',
  timestamp: '2024-09-22T08:59:37.004Z'
}
