{
  message: '🛢 Database is Connected Successfully',
  level: 'info',
  label: 'UN',
  timestamp: '2024-09-25T14:24:10.983Z'
}
{
  message: 'Application listening on port 5000',
  level: 'info',
  label: 'UN',
  timestamp: '2024-09-25T14:24:11.008Z'
}
{
  message: '🛢 Database is Connected Successfully',
  level: 'info',
  label: 'UN',
  timestamp: '2024-09-25T14:29:30.994Z'
}
{
  message: 'Application listening on port 5000',
  level: 'info',
  label: 'UN',
  timestamp: '2024-09-25T14:29:31.001Z'
}
{
  message: '🛢 Database is Connected Successfully',
  level: 'info',
  label: 'UN',
  timestamp: '2024-09-25T14:29:40.676Z'
}
{
  message: 'Application listening on port 5000',
  level: 'info',
  label: 'UN',
  timestamp: '2024-09-25T14:29:40.683Z'
}
{
  message: '🛢 Database is Connected Successfully',
  level: 'info',
  label: 'UN',
  timestamp: '2024-09-25T14:30:13.920Z'
}
{
  message: 'Application listening on port 5000',
  level: 'info',
  label: 'UN',
  timestamp: '2024-09-25T14:30:13.936Z'
}
{
  message: '🛢 Database is Connected Successfully',
  level: 'info',
  label: 'UN',
  timestamp: '2024-09-25T14:31:19.345Z'
}
{
  message: 'Application listening on port 5000',
  level: 'info',
  label: 'UN',
  timestamp: '2024-09-25T14:31:19.373Z'
}
{
  message: '🛢 Database is Connected Successfully',
  level: 'info',
  label: 'UN',
  timestamp: '2024-09-25T14:34:45.109Z'
}
{
  message: 'Application listening on port 5000',
  level: 'info',
  label: 'UN',
  timestamp: '2024-09-25T14:34:45.123Z'
}
{
  message: '🛢 Database is Connected Successfully',
  level: 'info',
  label: 'UN',
  timestamp: '2024-09-25T14:34:54.506Z'
}
{
  message: 'Application listening on port 5000',
  level: 'info',
  label: 'UN',
  timestamp: '2024-09-25T14:34:54.513Z'
}
{
  message: '🛢 Database is Connected Successfully',
  level: 'info',
  label: 'UN',
  timestamp: '2024-09-25T14:35:21.115Z'
}
{
  message: 'Application listening on port 5000',
  level: 'info',
  label: 'UN',
  timestamp: '2024-09-25T14:35:21.135Z'
}
{
  message: '🛢 Database is Connected Successfully',
  level: 'info',
  label: 'UN',
  timestamp: '2024-09-25T14:36:20.241Z'
}
{
  message: 'Application listening on port 5000',
  level: 'info',
  label: 'UN',
  timestamp: '2024-09-25T14:36:20.252Z'
}
