{
  message: '🛢 Database is Connected Successfully',
  level: 'info',
  label: 'UN',
  timestamp: '2024-09-20T12:37:33.192Z'
}
{
  message: 'Application listening on port 5000',
  level: 'info',
  label: 'UN',
  timestamp: '2024-09-20T12:37:33.212Z'
}
{
  message: '🛢 Database is Connected Successfully',
  level: 'info',
  label: 'UN',
  timestamp: '2024-09-20T12:39:37.619Z'
}
{
  message: 'Application listening on port 5000',
  level: 'info',
  label: 'UN',
  timestamp: '2024-09-20T12:39:37.631Z'
}
{
  message: '🛢 Database is Connected Successfully',
  level: 'info',
  label: 'UN',
  timestamp: '2024-09-20T12:44:13.753Z'
}
{
  message: 'Application listening on port 5000',
  level: 'info',
  label: 'UN',
  timestamp: '2024-09-20T12:44:13.766Z'
}
{
  message: '🛢 Database is Connected Successfully',
  level: 'info',
  label: 'UN',
  timestamp: '2024-09-20T12:44:18.865Z'
}
{
  message: 'Application listening on port 5000',
  level: 'info',
  label: 'UN',
  timestamp: '2024-09-20T12:44:18.873Z'
}
{
  message: '🛢 Database is Connected Successfully',
  level: 'info',
  label: 'UN',
  timestamp: '2024-09-20T12:44:44.340Z'
}
{
  message: 'Application listening on port 5000',
  level: 'info',
  label: 'UN',
  timestamp: '2024-09-20T12:44:44.348Z'
}
{
  message: '🛢 Database is Connected Successfully',
  level: 'info',
  label: 'UN',
  timestamp: '2024-09-20T12:46:51.889Z'
}
{
  message: 'Application listening on port 5000',
  level: 'info',
  label: 'UN',
  timestamp: '2024-09-20T12:46:51.906Z'
}
