{
  message: '🛢 Database is Connected Successfully',
  level: 'info',
  label: 'UN',
  timestamp: '2024-10-02T05:09:11.880Z'
}
{
  message: 'Application listening on port 5000',
  level: 'info',
  label: 'UN',
  timestamp: '2024-10-02T05:09:11.890Z'
}
{
  message: '🛢 Database is Connected Successfully',
  level: 'info',
  label: 'UN',
  timestamp: '2024-10-02T05:10:58.617Z'
}
{
  message: 'Application listening on port 5000',
  level: 'info',
  label: 'UN',
  timestamp: '2024-10-02T05:10:58.633Z'
}
{
  message: '🛢 Database is Connected Successfully',
  level: 'info',
  label: 'UN',
  timestamp: '2024-10-02T05:11:49.726Z'
}
{
  message: 'Application listening on port 5000',
  level: 'info',
  label: 'UN',
  timestamp: '2024-10-02T05:11:49.740Z'
}
{
  message: '🛢 Database is Connected Successfully',
  level: 'info',
  label: 'UN',
  timestamp: '2024-10-02T05:13:03.907Z'
}
{
  message: 'Application listening on port 5000',
  level: 'info',
  label: 'UN',
  timestamp: '2024-10-02T05:13:03.916Z'
}
{
  message: '🛢 Database is Connected Successfully',
  level: 'info',
  label: 'UN',
  timestamp: '2024-10-02T05:14:54.453Z'
}
{
  message: 'Application listening on port 5000',
  level: 'info',
  label: 'UN',
  timestamp: '2024-10-02T05:14:54.462Z'
}
{
  message: '🛢 Database is Connected Successfully',
  level: 'info',
  label: 'UN',
  timestamp: '2024-10-02T05:34:32.160Z'
}
{
  message: 'Application listening on port 5000',
  level: 'info',
  label: 'UN',
  timestamp: '2024-10-02T05:34:32.182Z'
}
{
  message: '🛢 Database is Connected Successfully',
  level: 'info',
  label: 'UN',
  timestamp: '2024-10-02T05:35:10.050Z'
}
{
  message: 'Application listening on port 5000',
  level: 'info',
  label: 'UN',
  timestamp: '2024-10-02T05:35:10.059Z'
}
